2025-10-20 21:37:35 JOB 46082 USER=alice QUEUE=low NODES=128 CORES=256 RUNTIME=00:18:35 STATUS=CANCELLED
2025-10-21 10:42:08 JOB 76541 USER=bob QUEUE=high NODES=128 CORES=256 RUNTIME=00:29:52 STATUS=FAILED
2025-10-21 02:52:01 JOB 77334 USER=alice QUEUE=low NODES=32 CORES=64 RUNTIME=00:47:26 STATUS=RUNNING
2025-10-21 04:44:23 JOB 95344 USER=bob QUEUE=high NODES=128 CORES=256 RUNTIME=00:04:23 STATUS=COMPLETED
2025-10-20 17:46:02 JOB 13036 USER=alice QUEUE=low NODES=16 CORES=32 RUNTIME=00:06:59 STATUS=COMPLETED
2025-10-21 06:56:45 JOB 50869 USER=carol QUEUE=low NODES=128 CORES=256 RUNTIME=00:52:11 STATUS=CANCELLED
2025-10-21 06:28:11 JOB 71802 USER=carol QUEUE=high NODES=32 CORES=64 RUNTIME=00:43:27 STATUS=CANCELLED
2025-10-20 14:50:36 JOB 32092 USER=dave QUEUE=default NODES=128 CORES=256 RUNTIME=00:30:57 STATUS=COMPLETED
2025-10-20 16:01:52 JOB 73894 USER=dave QUEUE=high NODES=16 CORES=32 RUNTIME=00:47:27 STATUS=COMPLETED
2025-10-20 16:23:54 JOB 7135 USER=alice QUEUE=low NODES=32 CORES=64 RUNTIME=00:09:55 STATUS=RUNNING
2025-10-21 10:23:44 JOB 27684 USER=carol QUEUE=low NODES=32 CORES=64 RUNTIME=00:21:02 STATUS=CANCELLED
2025-10-21 03:10:27 JOB 95402 USER=bob QUEUE=low NODES=32 CORES=64 RUNTIME=00:24:22 STATUS=COMPLETED
2025-10-21 03:04:37 JOB 3080 USER=bob QUEUE=high NODES=32 CORES=64 RUNTIME=00:51:35 STATUS=RUNNING
2025-10-20 12:51:37 JOB 16691 USER=carol QUEUE=low NODES=128 CORES=256 RUNTIME=00:50:23 STATUS=CANCELLED
2025-10-20 18:51:46 JOB 22325 USER=bob QUEUE=default NODES=128 CORES=256 RUNTIME=00:00:51 STATUS=CANCELLED
2025-10-21 01:49:47 JOB 9109 USER=bob QUEUE=high NODES=32 CORES=64 RUNTIME=00:00:20 STATUS=CANCELLED
2025-10-21 07:04:21 JOB 27572 USER=carol QUEUE=high NODES=64 CORES=128 RUNTIME=00:04:41 STATUS=RUNNING
2025-10-21 10:53:20 JOB 26218 USER=alice QUEUE=default NODES=128 CORES=256 RUNTIME=00:10:26 STATUS=COMPLETED
2025-10-21 03:37:15 JOB 22731 USER=dave QUEUE=high NODES=16 CORES=32 RUNTIME=00:05:55 STATUS=RUNNING
2025-10-20 16:46:58 JOB 27949 USER=alice QUEUE=high NODES=64 CORES=128 RUNTIME=00:29:12 STATUS=RUNNING
2025-10-20 21:55:02 JOB 90589 USER=alice QUEUE=low NODES=64 CORES=128 RUNTIME=00:19:41 STATUS=COMPLETED
2025-10-21 00:33:30 JOB 79191 USER=carol QUEUE=default NODES=128 CORES=256 RUNTIME=00:18:37 STATUS=FAILED
2025-10-20 13:41:32 JOB 94821 USER=bob QUEUE=high NODES=128 CORES=256 RUNTIME=00:33:00 STATUS=FAILED
2025-10-21 11:17:23 JOB 73546 USER=carol QUEUE=low NODES=64 CORES=128 RUNTIME=00:59:05 STATUS=CANCELLED
2025-10-20 15:15:08 JOB 73110 USER=alice QUEUE=high NODES=64 CORES=128 RUNTIME=00:51:27 STATUS=CANCELLED
2025-10-20 22:05:53 JOB 24828 USER=dave QUEUE=low NODES=16 CORES=32 RUNTIME=00:46:32 STATUS=FAILED
2025-10-21 03:21:32 JOB 68443 USER=carol QUEUE=low NODES=16 CORES=32 RUNTIME=00:51:09 STATUS=CANCELLED
2025-10-21 08:26:13 JOB 33283 USER=bob QUEUE=low NODES=128 CORES=256 RUNTIME=00:09:49 STATUS=COMPLETED
2025-10-20 22:29:32 JOB 64550 USER=alice QUEUE=default NODES=32 CORES=64 RUNTIME=00:44:10 STATUS=CANCELLED
2025-10-20 22:27:40 JOB 34178 USER=dave QUEUE=default NODES=128 CORES=256 RUNTIME=00:35:39 STATUS=RUNNING
2025-10-21 04:48:31 JOB 29225 USER=alice QUEUE=default NODES=16 CORES=32 RUNTIME=00:34:35 STATUS=COMPLETED
2025-10-20 20:44:48 JOB 9694 USER=bob QUEUE=low NODES=64 CORES=128 RUNTIME=00:26:36 STATUS=FAILED
2025-10-21 01:18:08 JOB 76544 USER=carol QUEUE=default NODES=16 CORES=32 RUNTIME=00:03:14 STATUS=RUNNING
2025-10-20 11:41:16 JOB 34716 USER=dave QUEUE=default NODES=128 CORES=256 RUNTIME=00:00:04 STATUS=RUNNING
2025-10-21 07:18:51 JOB 20034 USER=carol QUEUE=low NODES=128 CORES=256 RUNTIME=00:16:13 STATUS=RUNNING
2025-10-21 09:58:03 JOB 73997 USER=bob QUEUE=low NODES=64 CORES=128 RUNTIME=00:32:09 STATUS=FAILED
2025-10-21 06:35:43 JOB 11669 USER=dave QUEUE=high NODES=16 CORES=32 RUNTIME=00:34:06 STATUS=RUNNING
2025-10-20 14:38:35 JOB 54955 USER=carol QUEUE=high NODES=64 CORES=128 RUNTIME=00:47:55 STATUS=CANCELLED
2025-10-20 16:28:09 JOB 91401 USER=carol QUEUE=default NODES=64 CORES=128 RUNTIME=00:20:01 STATUS=CANCELLED
2025-10-21 02:10:12 JOB 90577 USER=bob QUEUE=high NODES=128 CORES=256 RUNTIME=00:48:06 STATUS=RUNNING
2025-10-21 07:36:23 JOB 26231 USER=bob QUEUE=high NODES=128 CORES=256 RUNTIME=00:06:56 STATUS=RUNNING
2025-10-20 15:48:16 JOB 19332 USER=carol QUEUE=high NODES=64 CORES=128 RUNTIME=00:37:52 STATUS=RUNNING
2025-10-21 10:08:09 JOB 40590 USER=bob QUEUE=low NODES=64 CORES=128 RUNTIME=00:02:32 STATUS=FAILED
2025-10-20 13:16:36 JOB 92032 USER=carol QUEUE=high NODES=64 CORES=128 RUNTIME=00:07:45 STATUS=RUNNING
2025-10-21 00:15:55 JOB 9290 USER=carol QUEUE=default NODES=128 CORES=256 RUNTIME=00:31:02 STATUS=CANCELLED
2025-10-20 12:43:16 JOB 38629 USER=bob QUEUE=default NODES=128 CORES=256 RUNTIME=00:15:14 STATUS=COMPLETED
2025-10-20 16:38:56 JOB 70273 USER=alice QUEUE=high NODES=128 CORES=256 RUNTIME=00:44:12 STATUS=COMPLETED
2025-10-20 17:02:27 JOB 42166 USER=alice QUEUE=high NODES=64 CORES=128 RUNTIME=00:27:38 STATUS=COMPLETED
2025-10-20 22:14:30 JOB 16820 USER=carol QUEUE=default NODES=16 CORES=32 RUNTIME=00:38:01 STATUS=FAILED
2025-10-20 12:30:10 JOB 58346 USER=bob QUEUE=low NODES=16 CORES=32 RUNTIME=00:33:40 STATUS=COMPLETED
2025-10-21 01:55:30 JOB 28658 USER=dave QUEUE=high NODES=64 CORES=128 RUNTIME=00:26:09 STATUS=FAILED
2025-10-20 13:11:41 JOB 45298 USER=dave QUEUE=low NODES=64 CORES=128 RUNTIME=00:47:30 STATUS=CANCELLED
2025-10-20 20:52:32 JOB 80554 USER=bob QUEUE=default NODES=128 CORES=256 RUNTIME=00:31:45 STATUS=RUNNING
2025-10-21 08:40:08 JOB 96379 USER=carol QUEUE=default NODES=128 CORES=256 RUNTIME=00:42:09 STATUS=FAILED
2025-10-21 09:41:33 JOB 82394 USER=carol QUEUE=default NODES=16 CORES=32 RUNTIME=00:32:11 STATUS=COMPLETED
2025-10-20 22:57:21 JOB 18520 USER=alice QUEUE=default NODES=64 CORES=128 RUNTIME=00:34:35 STATUS=FAILED
2025-10-20 22:35:58 JOB 31173 USER=alice QUEUE=default NODES=32 CORES=64 RUNTIME=00:44:23 STATUS=RUNNING
2025-10-21 00:01:49 JOB 46618 USER=dave QUEUE=low NODES=32 CORES=64 RUNTIME=00:14:37 STATUS=COMPLETED
2025-10-20 20:33:05 JOB 29816 USER=carol QUEUE=default NODES=128 CORES=256 RUNTIME=00:03:52 STATUS=CANCELLED
2025-10-20 21:21:54 JOB 67608 USER=alice QUEUE=default NODES=32 CORES=64 RUNTIME=00:37:14 STATUS=CANCELLED
2025-10-21 08:05:16 JOB 92084 USER=alice QUEUE=high NODES=32 CORES=64 RUNTIME=00:27:28 STATUS=CANCELLED
2025-10-20 20:04:42 JOB 1842 USER=carol QUEUE=default NODES=32 CORES=64 RUNTIME=00:06:28 STATUS=FAILED
2025-10-21 05:37:54 JOB 16518 USER=alice QUEUE=low NODES=32 CORES=64 RUNTIME=00:33:04 STATUS=RUNNING
2025-10-20 16:13:03 JOB 43167 USER=carol QUEUE=high NODES=32 CORES=64 RUNTIME=00:08:41 STATUS=CANCELLED
2025-10-21 10:30:06 JOB 89256 USER=alice QUEUE=high NODES=128 CORES=256 RUNTIME=00:37:57 STATUS=FAILED
2025-10-21 00:52:31 JOB 48597 USER=carol QUEUE=low NODES=32 CORES=64 RUNTIME=00:47:33 STATUS=RUNNING
2025-10-20 16:24:40 JOB 73986 USER=carol QUEUE=low NODES=128 CORES=256 RUNTIME=00:31:42 STATUS=RUNNING
2025-10-20 20:15:24 JOB 31014 USER=bob QUEUE=low NODES=16 CORES=32 RUNTIME=00:45:03 STATUS=FAILED
2025-10-21 06:33:33 JOB 94770 USER=dave QUEUE=high NODES=128 CORES=256 RUNTIME=00:37:01 STATUS=RUNNING
2025-10-21 03:59:04 JOB 90860 USER=dave QUEUE=default NODES=16 CORES=32 RUNTIME=00:45:22 STATUS=COMPLETED
2025-10-21 00:58:45 JOB 32358 USER=alice QUEUE=default NODES=64 CORES=128 RUNTIME=00:58:21 STATUS=COMPLETED
2025-10-21 10:34:32 JOB 75654 USER=carol QUEUE=low NODES=64 CORES=128 RUNTIME=00:50:16 STATUS=FAILED
2025-10-21 00:32:42 JOB 89449 USER=alice QUEUE=high NODES=128 CORES=256 RUNTIME=00:05:54 STATUS=COMPLETED
2025-10-21 04:51:28 JOB 64178 USER=carol QUEUE=low NODES=16 CORES=32 RUNTIME=00:42:15 STATUS=CANCELLED
2025-10-21 08:36:14 JOB 85696 USER=alice QUEUE=high NODES=16 CORES=32 RUNTIME=00:50:31 STATUS=RUNNING
2025-10-20 17:02:14 JOB 55000 USER=bob QUEUE=default NODES=128 CORES=256 RUNTIME=00:16:39 STATUS=RUNNING
2025-10-20 15:03:03 JOB 72717 USER=bob QUEUE=high NODES=16 CORES=32 RUNTIME=00:21:31 STATUS=RUNNING
2025-10-20 11:31:01 JOB 28847 USER=carol QUEUE=low NODES=128 CORES=256 RUNTIME=00:01:16 STATUS=FAILED
2025-10-20 19:06:37 JOB 16813 USER=alice QUEUE=low NODES=16 CORES=32 RUNTIME=00:24:30 STATUS=COMPLETED
2025-10-20 21:01:53 JOB 75308 USER=carol QUEUE=default NODES=128 CORES=256 RUNTIME=00:14:11 STATUS=RUNNING
2025-10-20 21:51:54 JOB 83664 USER=dave QUEUE=high NODES=16 CORES=32 RUNTIME=00:24:47 STATUS=COMPLETED
2025-10-20 20:29:50 JOB 63780 USER=dave QUEUE=low NODES=64 CORES=128 RUNTIME=00:36:33 STATUS=COMPLETED
2025-10-20 22:57:19 JOB 69785 USER=carol QUEUE=high NODES=32 CORES=64 RUNTIME=00:06:57 STATUS=RUNNING
2025-10-20 23:49:41 JOB 25852 USER=alice QUEUE=low NODES=32 CORES=64 RUNTIME=00:41:10 STATUS=RUNNING
2025-10-20 12:11:12 JOB 86666 USER=bob QUEUE=default NODES=16 CORES=32 RUNTIME=00:11:07 STATUS=FAILED
2025-10-20 18:33:49 JOB 5201 USER=alice QUEUE=default NODES=128 CORES=256 RUNTIME=00:48:42 STATUS=FAILED
2025-10-20 19:36:39 JOB 33836 USER=alice QUEUE=default NODES=128 CORES=256 RUNTIME=00:25:55 STATUS=RUNNING
2025-10-20 16:07:15 JOB 53180 USER=alice QUEUE=default NODES=64 CORES=128 RUNTIME=00:00:30 STATUS=RUNNING
2025-10-21 09:01:07 JOB 3054 USER=alice QUEUE=high NODES=128 CORES=256 RUNTIME=00:45:40 STATUS=RUNNING
2025-10-21 03:55:06 JOB 16309 USER=bob QUEUE=low NODES=32 CORES=64 RUNTIME=00:15:59 STATUS=CANCELLED
2025-10-20 13:14:22 JOB 7080 USER=alice QUEUE=low NODES=16 CORES=32 RUNTIME=00:07:35 STATUS=RUNNING
2025-10-20 14:53:09 JOB 54775 USER=carol QUEUE=high NODES=32 CORES=64 RUNTIME=00:41:42 STATUS=CANCELLED
2025-10-21 10:24:33 JOB 77851 USER=dave QUEUE=high NODES=128 CORES=256 RUNTIME=00:35:32 STATUS=FAILED
2025-10-20 21:37:14 JOB 35507 USER=alice QUEUE=low NODES=32 CORES=64 RUNTIME=00:59:12 STATUS=CANCELLED
2025-10-20 20:53:04 JOB 41066 USER=dave QUEUE=default NODES=64 CORES=128 RUNTIME=00:20:45 STATUS=FAILED
2025-10-21 02:10:37 JOB 86695 USER=alice QUEUE=low NODES=64 CORES=128 RUNTIME=00:13:34 STATUS=COMPLETED
2025-10-21 04:26:53 JOB 34703 USER=alice QUEUE=low NODES=64 CORES=128 RUNTIME=00:01:38 STATUS=COMPLETED
2025-10-21 08:38:33 JOB 1414 USER=bob QUEUE=high NODES=128 CORES=256 RUNTIME=00:26:32 STATUS=RUNNING
2025-10-21 08:17:59 JOB 38936 USER=bob QUEUE=default NODES=64 CORES=128 RUNTIME=00:15:15 STATUS=CANCELLED
2025-10-20 22:57:53 JOB 30640 USER=carol QUEUE=low NODES=16 CORES=32 RUNTIME=00:32:18 STATUS=COMPLETED
2025-10-21 07:12:54 JOB 67028 USER=carol QUEUE=default NODES=128 CORES=256 RUNTIME=00:27:55 STATUS=CANCELLED
2025-10-20 18:14:09 JOB 10715 USER=carol QUEUE=default NODES=128 CORES=256 RUNTIME=00:49:54 STATUS=COMPLETED
2025-10-20 14:01:04 JOB 39506 USER=dave QUEUE=high NODES=32 CORES=64 RUNTIME=00:21:39 STATUS=CANCELLED
2025-10-20 15:04:19 JOB 80821 USER=alice QUEUE=low NODES=16 CORES=32 RUNTIME=00:51:22 STATUS=RUNNING
2025-10-20 23:10:35 JOB 31009 USER=dave QUEUE=high NODES=16 CORES=32 RUNTIME=00:47:07 STATUS=FAILED
2025-10-20 12:26:47 JOB 19534 USER=carol QUEUE=high NODES=16 CORES=32 RUNTIME=00:00:51 STATUS=FAILED
2025-10-21 04:34:33 JOB 81658 USER=carol QUEUE=low NODES=32 CORES=64 RUNTIME=00:23:56 STATUS=COMPLETED
2025-10-20 19:16:32 JOB 65867 USER=carol QUEUE=default NODES=64 CORES=128 RUNTIME=00:51:35 STATUS=RUNNING
2025-10-21 06:17:09 JOB 40021 USER=carol QUEUE=low NODES=64 CORES=128 RUNTIME=00:13:12 STATUS=CANCELLED
2025-10-21 00:57:08 JOB 95214 USER=alice QUEUE=high NODES=64 CORES=128 RUNTIME=00:15:39 STATUS=COMPLETED
2025-10-20 20:23:06 JOB 62042 USER=bob QUEUE=low NODES=64 CORES=128 RUNTIME=00:50:01 STATUS=CANCELLED
2025-10-21 04:22:57 JOB 10760 USER=alice QUEUE=high NODES=32 CORES=64 RUNTIME=00:51:32 STATUS=COMPLETED
2025-10-21 10:29:55 JOB 19783 USER=dave QUEUE=high NODES=64 CORES=128 RUNTIME=00:15:15 STATUS=COMPLETED
2025-10-21 03:20:13 JOB 51791 USER=alice QUEUE=low NODES=128 CORES=256 RUNTIME=00:21:49 STATUS=COMPLETED
2025-10-20 23:54:18 JOB 20363 USER=alice QUEUE=default NODES=128 CORES=256 RUNTIME=00:03:28 STATUS=CANCELLED
2025-10-21 08:10:29 JOB 73433 USER=dave QUEUE=high NODES=16 CORES=32 RUNTIME=00:28:49 STATUS=COMPLETED
2025-10-20 23:15:18 JOB 45978 USER=alice QUEUE=low NODES=32 CORES=64 RUNTIME=00:24:15 STATUS=RUNNING
2025-10-20 23:26:29 JOB 65278 USER=alice QUEUE=high NODES=128 CORES=256 RUNTIME=00:30:41 STATUS=COMPLETED
2025-10-20 19:24:51 JOB 25522 USER=bob QUEUE=high NODES=64 CORES=128 RUNTIME=00:50:28 STATUS=RUNNING
2025-10-20 18:24:44 JOB 45072 USER=carol QUEUE=low NODES=128 CORES=256 RUNTIME=00:06:11 STATUS=COMPLETED
2025-10-21 09:47:04 JOB 59236 USER=dave QUEUE=high NODES=32 CORES=64 RUNTIME=00:13:22 STATUS=COMPLETED
2025-10-20 13:39:33 JOB 79217 USER=alice QUEUE=default NODES=64 CORES=128 RUNTIME=00:49:58 STATUS=FAILED
2025-10-20 18:33:50 JOB 43891 USER=carol QUEUE=high NODES=128 CORES=256 RUNTIME=00:54:20 STATUS=COMPLETED
2025-10-20 23:14:44 JOB 9698 USER=dave QUEUE=high NODES=128 CORES=256 RUNTIME=00:20:12 STATUS=CANCELLED
2025-10-21 07:46:06 JOB 34935 USER=bob QUEUE=low NODES=16 CORES=32 RUNTIME=00:36:52 STATUS=RUNNING
2025-10-21 00:54:34 JOB 62999 USER=bob QUEUE=low NODES=16 CORES=32 RUNTIME=00:18:10 STATUS=CANCELLED
2025-10-20 15:24:56 JOB 83904 USER=dave QUEUE=low NODES=32 CORES=64 RUNTIME=00:48:46 STATUS=COMPLETED
2025-10-21 05:30:36 JOB 60756 USER=bob QUEUE=high NODES=128 CORES=256 RUNTIME=00:31:52 STATUS=CANCELLED
2025-10-21 01:10:22 JOB 32185 USER=dave QUEUE=low NODES=16 CORES=32 RUNTIME=00:42:16 STATUS=RUNNING
2025-10-21 01:47:58 JOB 49101 USER=alice QUEUE=high NODES=128 CORES=256 RUNTIME=00:45:03 STATUS=CANCELLED
2025-10-21 05:14:30 JOB 71002 USER=alice QUEUE=default NODES=64 CORES=128 RUNTIME=00:57:50 STATUS=FAILED
2025-10-20 11:19:42 JOB 38842 USER=dave QUEUE=low NODES=16 CORES=32 RUNTIME=00:52:27 STATUS=COMPLETED
2025-10-20 16:03:54 JOB 25631 USER=dave QUEUE=low NODES=64 CORES=128 RUNTIME=00:44:14 STATUS=FAILED
2025-10-21 06:13:25 JOB 62127 USER=alice QUEUE=default NODES=128 CORES=256 RUNTIME=00:01:34 STATUS=FAILED
2025-10-20 19:01:20 JOB 49400 USER=carol QUEUE=high NODES=64 CORES=128 RUNTIME=00:10:37 STATUS=COMPLETED
2025-10-20 22:57:57 JOB 82508 USER=bob QUEUE=default NODES=128 CORES=256 RUNTIME=00:13:20 STATUS=FAILED
2025-10-21 08:47:29 JOB 26676 USER=carol QUEUE=high NODES=32 CORES=64 RUNTIME=00:22:46 STATUS=RUNNING
2025-10-21 06:26:19 JOB 49060 USER=alice QUEUE=default NODES=16 CORES=32 RUNTIME=00:45:29 STATUS=RUNNING
2025-10-21 03:26:26 JOB 90164 USER=dave QUEUE=high NODES=16 CORES=32 RUNTIME=00:45:12 STATUS=FAILED
2025-10-20 16:27:57 JOB 63418 USER=bob QUEUE=low NODES=128 CORES=256 RUNTIME=00:43:00 STATUS=RUNNING
2025-10-20 12:36:49 JOB 22551 USER=carol QUEUE=default NODES=128 CORES=256 RUNTIME=00:10:10 STATUS=CANCELLED
2025-10-21 02:33:24 JOB 20407 USER=bob QUEUE=high NODES=128 CORES=256 RUNTIME=00:57:35 STATUS=CANCELLED
2025-10-21 02:25:40 JOB 51912 USER=alice QUEUE=high NODES=32 CORES=64 RUNTIME=00:48:36 STATUS=RUNNING
2025-10-20 18:56:52 JOB 55681 USER=carol QUEUE=high NODES=128 CORES=256 RUNTIME=00:52:45 STATUS=RUNNING
2025-10-21 04:55:29 JOB 72258 USER=bob QUEUE=high NODES=128 CORES=256 RUNTIME=00:20:03 STATUS=COMPLETED
2025-10-20 23:52:45 JOB 58209 USER=bob QUEUE=high NODES=128 CORES=256 RUNTIME=00:19:57 STATUS=COMPLETED
2025-10-21 09:29:56 JOB 59301 USER=bob QUEUE=low NODES=32 CORES=64 RUNTIME=00:41:30 STATUS=RUNNING
2025-10-21 06:50:08 JOB 79170 USER=bob QUEUE=high NODES=64 CORES=128 RUNTIME=00:29:38 STATUS=COMPLETED
2025-10-21 00:03:00 JOB 71923 USER=dave QUEUE=high NODES=32 CORES=64 RUNTIME=00:35:03 STATUS=FAILED
2025-10-21 07:37:55 JOB 8167 USER=bob QUEUE=high NODES=16 CORES=32 RUNTIME=00:10:18 STATUS=CANCELLED
2025-10-20 16:41:49 JOB 91437 USER=bob QUEUE=low NODES=16 CORES=32 RUNTIME=00:56:31 STATUS=FAILED
2025-10-21 05:45:02 JOB 9836 USER=dave QUEUE=low NODES=128 CORES=256 RUNTIME=00:18:03 STATUS=RUNNING
2025-10-21 02:56:00 JOB 9539 USER=carol QUEUE=default NODES=64 CORES=128 RUNTIME=00:38:00 STATUS=COMPLETED
2025-10-21 08:37:39 JOB 45566 USER=alice QUEUE=low NODES=32 CORES=64 RUNTIME=00:10:33 STATUS=COMPLETED
2025-10-20 21:28:06 JOB 73902 USER=bob QUEUE=high NODES=64 CORES=128 RUNTIME=00:32:19 STATUS=COMPLETED
2025-10-20 19:20:47 JOB 87069 USER=carol QUEUE=low NODES=64 CORES=128 RUNTIME=00:22:15 STATUS=FAILED
2025-10-21 09:54:57 JOB 77060 USER=dave QUEUE=default NODES=128 CORES=256 RUNTIME=00:40:16 STATUS=RUNNING
2025-10-20 20:21:51 JOB 16583 USER=bob QUEUE=low NODES=128 CORES=256 RUNTIME=00:18:40 STATUS=RUNNING
2025-10-21 06:19:58 JOB 75564 USER=dave QUEUE=default NODES=16 CORES=32 RUNTIME=00:52:31 STATUS=CANCELLED
2025-10-20 19:35:10 JOB 28512 USER=alice QUEUE=default NODES=64 CORES=128 RUNTIME=00:38:48 STATUS=FAILED
2025-10-21 00:03:14 JOB 19903 USER=bob QUEUE=high NODES=32 CORES=64 RUNTIME=00:23:36 STATUS=RUNNING
2025-10-21 09:22:03 JOB 35831 USER=dave QUEUE=high NODES=16 CORES=32 RUNTIME=00:38:06 STATUS=FAILED
2025-10-21 09:37:59 JOB 50088 USER=bob QUEUE=high NODES=64 CORES=128 RUNTIME=00:02:06 STATUS=FAILED
2025-10-21 10:38:59 JOB 78750 USER=alice QUEUE=high NODES=16 CORES=32 RUNTIME=00:17:57 STATUS=CANCELLED
2025-10-20 21:12:57 JOB 84309 USER=dave QUEUE=default NODES=128 CORES=256 RUNTIME=00:59:14 STATUS=RUNNING
2025-10-20 18:24:50 JOB 37066 USER=carol QUEUE=high NODES=32 CORES=64 RUNTIME=00:25:29 STATUS=CANCELLED
2025-10-20 15:03:54 JOB 2278 USER=dave QUEUE=high NODES=16 CORES=32 RUNTIME=00:50:41 STATUS=RUNNING
2025-10-21 08:22:03 JOB 81337 USER=dave QUEUE=low NODES=128 CORES=256 RUNTIME=00:29:10 STATUS=FAILED
2025-10-21 08:39:43 JOB 81238 USER=bob QUEUE=default NODES=32 CORES=64 RUNTIME=00:17:04 STATUS=CANCELLED
2025-10-20 17:46:25 JOB 6083 USER=alice QUEUE=default NODES=16 CORES=32 RUNTIME=00:16:54 STATUS=CANCELLED
2025-10-20 17:58:09 JOB 68179 USER=carol QUEUE=high NODES=16 CORES=32 RUNTIME=00:56:02 STATUS=CANCELLED
2025-10-21 05:38:29 JOB 12820 USER=bob QUEUE=high NODES=16 CORES=32 RUNTIME=00:24:44 STATUS=FAILED
2025-10-21 03:31:54 JOB 32219 USER=alice QUEUE=default NODES=16 CORES=32 RUNTIME=00:40:56 STATUS=CANCELLED
2025-10-20 11:53:30 JOB 89969 USER=alice QUEUE=low NODES=64 CORES=128 RUNTIME=00:57:44 STATUS=CANCELLED
2025-10-21 08:32:57 JOB 40390 USER=bob QUEUE=high NODES=16 CORES=32 RUNTIME=00:57:49 STATUS=CANCELLED
2025-10-20 22:17:13 JOB 30822 USER=carol QUEUE=low NODES=16 CORES=32 RUNTIME=00:43:09 STATUS=CANCELLED
2025-10-20 19:52:40 JOB 28793 USER=bob QUEUE=high NODES=32 CORES=64 RUNTIME=00:54:46 STATUS=RUNNING
2025-10-21 08:24:56 JOB 84085 USER=alice QUEUE=default NODES=32 CORES=64 RUNTIME=00:34:10 STATUS=COMPLETED
2025-10-21 09:36:15 JOB 39409 USER=bob QUEUE=high NODES=128 CORES=256 RUNTIME=00:18:18 STATUS=COMPLETED
2025-10-20 18:30:07 JOB 83979 USER=bob QUEUE=default NODES=128 CORES=256 RUNTIME=00:13:51 STATUS=RUNNING
2025-10-21 07:27:22 JOB 62639 USER=alice QUEUE=low NODES=128 CORES=256 RUNTIME=00:09:09 STATUS=RUNNING
2025-10-21 09:03:45 JOB 51658 USER=bob QUEUE=low NODES=64 CORES=128 RUNTIME=00:35:10 STATUS=RUNNING
2025-10-21 09:45:37 JOB 88101 USER=dave QUEUE=default NODES=64 CORES=128 RUNTIME=00:47:17 STATUS=CANCELLED
2025-10-20 11:27:47 JOB 79768 USER=bob QUEUE=low NODES=32 CORES=64 RUNTIME=00:48:49 STATUS=RUNNING
2025-10-21 09:53:49 JOB 99077 USER=carol QUEUE=high NODES=64 CORES=128 RUNTIME=00:51:54 STATUS=CANCELLED
2025-10-21 09:23:11 JOB 66744 USER=alice QUEUE=low NODES=64 CORES=128 RUNTIME=00:28:12 STATUS=RUNNING
2025-10-20 17:31:17 JOB 59982 USER=alice QUEUE=high NODES=32 CORES=64 RUNTIME=00:23:35 STATUS=COMPLETED
2025-10-20 16:05:55 JOB 48996 USER=dave QUEUE=high NODES=128 CORES=256 RUNTIME=00:37:46 STATUS=FAILED
2025-10-21 08:57:10 JOB 95319 USER=alice QUEUE=high NODES=16 CORES=32 RUNTIME=00:10:27 STATUS=RUNNING
2025-10-21 00:09:17 JOB 33945 USER=alice QUEUE=high NODES=128 CORES=256 RUNTIME=00:12:46 STATUS=RUNNING
2025-10-20 18:48:58 JOB 44273 USER=dave QUEUE=default NODES=128 CORES=256 RUNTIME=00:43:45 STATUS=RUNNING
2025-10-20 19:56:13 JOB 74715 USER=carol QUEUE=high NODES=16 CORES=32 RUNTIME=00:59:16 STATUS=COMPLETED
2025-10-20 21:32:35 JOB 34079 USER=carol QUEUE=high NODES=64 CORES=128 RUNTIME=00:13:43 STATUS=RUNNING
2025-10-20 22:09:12 JOB 53464 USER=alice QUEUE=high NODES=64 CORES=128 RUNTIME=00:25:05 STATUS=FAILED
2025-10-20 17:39:28 JOB 32326 USER=dave QUEUE=low NODES=16 CORES=32 RUNTIME=00:15:44 STATUS=FAILED
2025-10-21 05:11:43 JOB 77175 USER=dave QUEUE=high NODES=128 CORES=256 RUNTIME=00:39:03 STATUS=RUNNING
2025-10-20 15:00:57 JOB 13765 USER=dave QUEUE=default NODES=64 CORES=128 RUNTIME=00:47:25 STATUS=CANCELLED
2025-10-21 11:17:19 JOB 65336 USER=carol QUEUE=high NODES=32 CORES=64 RUNTIME=00:23:06 STATUS=RUNNING
2025-10-20 16:21:25 JOB 42608 USER=bob QUEUE=low NODES=128 CORES=256 RUNTIME=00:36:56 STATUS=CANCELLED
2025-10-20 13:00:23 JOB 52313 USER=carol QUEUE=low NODES=64 CORES=128 RUNTIME=00:32:00 STATUS=CANCELLED
2025-10-21 09:43:36 JOB 90257 USER=bob QUEUE=default NODES=16 CORES=32 RUNTIME=00:30:53 STATUS=FAILED
2025-10-20 19:10:10 JOB 36326 USER=carol QUEUE=default NODES=128 CORES=256 RUNTIME=00:18:59 STATUS=CANCELLED
2025-10-20 15:27:29 JOB 35901 USER=dave QUEUE=high NODES=16 CORES=32 RUNTIME=00:13:17 STATUS=RUNNING
2025-10-20 14:25:38 JOB 22838 USER=carol QUEUE=low NODES=64 CORES=128 RUNTIME=00:20:44 STATUS=RUNNING
2025-10-21 07:27:11 JOB 46604 USER=dave QUEUE=high NODES=64 CORES=128 RUNTIME=00:19:21 STATUS=COMPLETED
2025-10-21 07:44:56 JOB 38440 USER=alice QUEUE=default NODES=128 CORES=256 RUNTIME=00:19:44 STATUS=RUNNING
2025-10-20 21:08:56 JOB 9687 USER=bob QUEUE=high NODES=16 CORES=32 RUNTIME=00:00:27 STATUS=RUNNING
2025-10-21 07:50:22 JOB 30960 USER=dave QUEUE=low NODES=16 CORES=32 RUNTIME=00:53:42 STATUS=FAILED
2025-10-21 06:46:39 JOB 43592 USER=alice QUEUE=high NODES=32 CORES=64 RUNTIME=00:25:48 STATUS=COMPLETED
2025-10-20 21:28:14 JOB 4038 USER=bob QUEUE=default NODES=64 CORES=128 RUNTIME=00:17:21 STATUS=RUNNING
2025-10-21 10:51:03 JOB 58098 USER=alice QUEUE=default NODES=32 CORES=64 RUNTIME=00:59:37 STATUS=COMPLETED
2025-10-21 07:20:36 JOB 67256 USER=dave QUEUE=high NODES=64 CORES=128 RUNTIME=00:22:12 STATUS=FAILED
2025-10-20 16:42:17 JOB 86655 USER=dave QUEUE=low NODES=128 CORES=256 RUNTIME=00:09:51 STATUS=COMPLETED
2025-10-20 17:21:37 JOB 59375 USER=alice QUEUE=default NODES=16 CORES=32 RUNTIME=00:50:03 STATUS=RUNNING
2025-10-20 16:03:55 JOB 60781 USER=dave QUEUE=low NODES=16 CORES=32 RUNTIME=00:22:21 STATUS=RUNNING
2025-10-21 09:19:28 JOB 63448 USER=bob QUEUE=low NODES=16 CORES=32 RUNTIME=00:37:47 STATUS=FAILED
2025-10-20 21:12:29 JOB 73235 USER=carol QUEUE=default NODES=64 CORES=128 RUNTIME=00:33:48 STATUS=FAILED
2025-10-21 09:41:06 JOB 24395 USER=alice QUEUE=low NODES=16 CORES=32 RUNTIME=00:46:37 STATUS=RUNNING
2025-10-21 06:39:47 JOB 52843 USER=carol QUEUE=low NODES=128 CORES=256 RUNTIME=00:57:41 STATUS=CANCELLED
2025-10-20 14:13:29 JOB 64731 USER=dave QUEUE=low NODES=64 CORES=128 RUNTIME=00:11:56 STATUS=CANCELLED
2025-10-21 10:04:00 JOB 11123 USER=alice QUEUE=low NODES=64 CORES=128 RUNTIME=00:09:12 STATUS=COMPLETED
2025-10-20 14:32:59 JOB 85722 USER=alice QUEUE=default NODES=64 CORES=128 RUNTIME=00:51:05 STATUS=RUNNING
2025-10-20 11:47:50 JOB 1326 USER=carol QUEUE=high NODES=128 CORES=256 RUNTIME=00:12:57 STATUS=CANCELLED
2025-10-21 10:46:58 JOB 81435 USER=carol QUEUE=low NODES=128 CORES=256 RUNTIME=00:51:01 STATUS=FAILED
2025-10-21 03:59:46 JOB 90475 USER=alice QUEUE=low NODES=128 CORES=256 RUNTIME=00:29:49 STATUS=RUNNING
2025-10-20 12:59:20 JOB 10529 USER=alice QUEUE=low NODES=16 CORES=32 RUNTIME=00:26:25 STATUS=RUNNING
2025-10-20 23:32:10 JOB 19146 USER=alice QUEUE=low NODES=16 CORES=32 RUNTIME=00:46:16 STATUS=RUNNING
2025-10-21 04:33:30 JOB 80070 USER=alice QUEUE=default NODES=16 CORES=32 RUNTIME=00:48:59 STATUS=CANCELLED
2025-10-20 18:44:26 JOB 19649 USER=dave QUEUE=default NODES=128 CORES=256 RUNTIME=00:00:13 STATUS=CANCELLED
2025-10-21 05:27:11 JOB 37715 USER=alice QUEUE=low NODES=128 CORES=256 RUNTIME=00:03:13 STATUS=CANCELLED
2025-10-21 02:39:57 JOB 39548 USER=alice QUEUE=default NODES=128 CORES=256 RUNTIME=00:51:56 STATUS=RUNNING
2025-10-21 00:50:44 JOB 92691 USER=dave QUEUE=default NODES=32 CORES=64 RUNTIME=00:28:52 STATUS=FAILED
2025-10-20 11:25:11 JOB 13494 USER=bob QUEUE=high NODES=64 CORES=128 RUNTIME=00:14:58 STATUS=FAILED
2025-10-20 16:43:17 JOB 87634 USER=alice QUEUE=default NODES=16 CORES=32 RUNTIME=00:56:45 STATUS=FAILED
2025-10-20 22:50:26 JOB 85336 USER=alice QUEUE=default NODES=16 CORES=32 RUNTIME=00:33:03 STATUS=CANCELLED
2025-10-21 07:21:56 JOB 2832 USER=carol QUEUE=default NODES=32 CORES=64 RUNTIME=00:13:47 STATUS=CANCELLED
2025-10-21 02:49:26 JOB 79092 USER=carol QUEUE=low NODES=128 CORES=256 RUNTIME=00:11:05 STATUS=FAILED
2025-10-20 12:15:05 JOB 73886 USER=alice QUEUE=high NODES=16 CORES=32 RUNTIME=00:34:17 STATUS=COMPLETED
2025-10-21 11:14:44 JOB 49441 USER=carol QUEUE=low NODES=64 CORES=128 RUNTIME=00:24:16 STATUS=CANCELLED
2025-10-21 04:39:21 JOB 81759 USER=carol QUEUE=default NODES=64 CORES=128 RUNTIME=00:25:30 STATUS=RUNNING
2025-10-20 13:56:16 JOB 34157 USER=bob QUEUE=low NODES=32 CORES=64 RUNTIME=00:28:55 STATUS=CANCELLED
2025-10-21 04:36:49 JOB 88320 USER=carol QUEUE=default NODES=128 CORES=256 RUNTIME=00:05:46 STATUS=COMPLETED
2025-10-21 10:34:04 JOB 19855 USER=bob QUEUE=low NODES=128 CORES=256 RUNTIME=00:58:37 STATUS=RUNNING
2025-10-21 09:47:16 JOB 72583 USER=carol QUEUE=high NODES=32 CORES=64 RUNTIME=00:04:53 STATUS=COMPLETED
2025-10-20 20:42:31 JOB 66027 USER=bob QUEUE=default NODES=16 CORES=32 RUNTIME=00:53:28 STATUS=FAILED
2025-10-20 23:00:12 JOB 99446 USER=alice QUEUE=low NODES=16 CORES=32 RUNTIME=00:52:52 STATUS=FAILED
2025-10-20 21:33:25 JOB 59145 USER=carol QUEUE=low NODES=16 CORES=32 RUNTIME=00:54:51 STATUS=FAILED
2025-10-21 07:37:43 JOB 60204 USER=dave QUEUE=high NODES=32 CORES=64 RUNTIME=00:42:55 STATUS=RUNNING
2025-10-20 15:01:48 JOB 5121 USER=alice QUEUE=high NODES=64 CORES=128 RUNTIME=00:40:34 STATUS=FAILED
2025-10-21 06:11:03 JOB 27783 USER=alice QUEUE=default NODES=64 CORES=128 RUNTIME=00:14:54 STATUS=CANCELLED
2025-10-20 18:41:45 JOB 3154 USER=carol QUEUE=default NODES=64 CORES=128 RUNTIME=00:13:22 STATUS=COMPLETED
2025-10-21 03:14:36 JOB 19967 USER=bob QUEUE=low NODES=64 CORES=128 RUNTIME=00:50:36 STATUS=COMPLETED
2025-10-20 15:54:43 JOB 72740 USER=alice QUEUE=default NODES=64 CORES=128 RUNTIME=00:07:02 STATUS=RUNNING
2025-10-21 09:38:36 JOB 86850 USER=bob QUEUE=high NODES=32 CORES=64 RUNTIME=00:32:55 STATUS=RUNNING
2025-10-21 07:39:54 JOB 38437 USER=alice QUEUE=low NODES=16 CORES=32 RUNTIME=00:02:53 STATUS=RUNNING
2025-10-21 09:25:08 JOB 74491 USER=alice QUEUE=high NODES=64 CORES=128 RUNTIME=00:46:57 STATUS=FAILED
2025-10-21 03:30:26 JOB 35787 USER=dave QUEUE=high NODES=128 CORES=256 RUNTIME=00:53:18 STATUS=FAILED
2025-10-20 18:43:30 JOB 24284 USER=dave QUEUE=high NODES=16 CORES=32 RUNTIME=00:34:07 STATUS=CANCELLED
2025-10-20 15:52:36 JOB 9423 USER=alice QUEUE=default NODES=32 CORES=64 RUNTIME=00:31:36 STATUS=FAILED
2025-10-20 17:31:07 JOB 93849 USER=dave QUEUE=default NODES=16 CORES=32 RUNTIME=00:39:14 STATUS=CANCELLED
2025-10-20 13:49:46 JOB 85949 USER=carol QUEUE=default NODES=16 CORES=32 RUNTIME=00:26:17 STATUS=COMPLETED
2025-10-21 07:32:13 JOB 82293 USER=carol QUEUE=default NODES=32 CORES=64 RUNTIME=00:35:37 STATUS=RUNNING
2025-10-20 13:06:12 JOB 94535 USER=dave QUEUE=high NODES=64 CORES=128 RUNTIME=00:10:31 STATUS=COMPLETED
2025-10-20 23:10:54 JOB 34634 USER=dave QUEUE=low NODES=32 CORES=64 RUNTIME=00:07:43 STATUS=FAILED
2025-10-21 01:42:58 JOB 95030 USER=bob QUEUE=low NODES=16 CORES=32 RUNTIME=00:26:28 STATUS=CANCELLED
2025-10-21 05:17:37 JOB 57688 USER=carol QUEUE=low NODES=128 CORES=256 RUNTIME=00:25:19 STATUS=COMPLETED
2025-10-21 11:05:43 JOB 10481 USER=alice QUEUE=low NODES=16 CORES=32 RUNTIME=00:27:18 STATUS=FAILED
2025-10-21 03:46:43 JOB 92664 USER=dave QUEUE=default NODES=32 CORES=64 RUNTIME=00:14:05 STATUS=RUNNING
2025-10-20 14:36:52 JOB 31539 USER=carol QUEUE=high NODES=16 CORES=32 RUNTIME=00:13:18 STATUS=FAILED
2025-10-20 18:53:54 JOB 98826 USER=alice QUEUE=high NODES=128 CORES=256 RUNTIME=00:41:12 STATUS=RUNNING
2025-10-21 04:23:53 JOB 98183 USER=carol QUEUE=high NODES=32 CORES=64 RUNTIME=00:48:18 STATUS=COMPLETED
2025-10-21 07:10:45 JOB 77239 USER=carol QUEUE=default NODES=64 CORES=128 RUNTIME=00:15:19 STATUS=FAILED
2025-10-21 07:52:01 JOB 91846 USER=alice QUEUE=default NODES=64 CORES=128 RUNTIME=00:00:00 STATUS=CANCELLED
2025-10-20 16:21:12 JOB 85807 USER=alice QUEUE=high NODES=128 CORES=256 RUNTIME=00:55:01 STATUS=FAILED
2025-10-20 21:16:03 JOB 26365 USER=carol QUEUE=low NODES=32 CORES=64 RUNTIME=00:45:34 STATUS=COMPLETED
2025-10-21 07:17:14 JOB 43914 USER=carol QUEUE=high NODES=16 CORES=32 RUNTIME=00:24:11 STATUS=RUNNING
2025-10-21 00:10:28 JOB 63394 USER=bob QUEUE=low NODES=128 CORES=256 RUNTIME=00:33:53 STATUS=COMPLETED
2025-10-20 22:09:38 JOB 29794 USER=carol QUEUE=default NODES=16 CORES=32 RUNTIME=00:56:06 STATUS=RUNNING
2025-10-21 10:59:35 JOB 84099 USER=dave QUEUE=high NODES=128 CORES=256 RUNTIME=00:44:15 STATUS=COMPLETED
2025-10-20 23:58:36 JOB 23104 USER=bob QUEUE=high NODES=64 CORES=128 RUNTIME=00:32:08 STATUS=RUNNING
2025-10-21 08:57:59 JOB 45774 USER=carol QUEUE=high NODES=128 CORES=256 RUNTIME=00:53:06 STATUS=COMPLETED
2025-10-20 19:05:09 JOB 10436 USER=bob QUEUE=default NODES=16 CORES=32 RUNTIME=00:14:38 STATUS=COMPLETED
2025-10-21 01:35:40 JOB 80800 USER=carol QUEUE=default NODES=64 CORES=128 RUNTIME=00:57:03 STATUS=CANCELLED
2025-10-21 06:36:32 JOB 69095 USER=carol QUEUE=default NODES=16 CORES=32 RUNTIME=00:09:43 STATUS=CANCELLED
2025-10-21 07:52:19 JOB 83773 USER=alice QUEUE=low NODES=16 CORES=32 RUNTIME=00:21:32 STATUS=COMPLETED
2025-10-20 21:08:56 JOB 14571 USER=dave QUEUE=high NODES=64 CORES=128 RUNTIME=00:12:31 STATUS=CANCELLED
2025-10-21 06:23:33 JOB 74620 USER=carol QUEUE=high NODES=32 CORES=64 RUNTIME=00:40:03 STATUS=RUNNING
2025-10-20 17:04:48 JOB 81557 USER=dave QUEUE=high NODES=32 CORES=64 RUNTIME=00:35:19 STATUS=COMPLETED
2025-10-21 01:00:25 JOB 7436 USER=bob QUEUE=default NODES=64 CORES=128 RUNTIME=00:54:00 STATUS=FAILED
2025-10-21 01:25:37 JOB 44424 USER=alice QUEUE=low NODES=64 CORES=128 RUNTIME=00:34:14 STATUS=CANCELLED
2025-10-21 04:05:55 JOB 46710 USER=dave QUEUE=low NODES=128 CORES=256 RUNTIME=00:20:43 STATUS=RUNNING
2025-10-21 03:23:43 JOB 65723 USER=bob QUEUE=high NODES=64 CORES=128 RUNTIME=00:00:21 STATUS=RUNNING
2025-10-20 20:04:44 JOB 97540 USER=carol QUEUE=high NODES=16 CORES=32 RUNTIME=00:09:31 STATUS=RUNNING
2025-10-21 04:43:25 JOB 45796 USER=bob QUEUE=default NODES=128 CORES=256 RUNTIME=00:56:05 STATUS=CANCELLED
2025-10-21 00:01:30 JOB 46257 USER=carol QUEUE=low NODES=16 CORES=32 RUNTIME=00:51:47 STATUS=CANCELLED
2025-10-21 06:23:22 JOB 47672 USER=carol QUEUE=high NODES=64 CORES=128 RUNTIME=00:33:22 STATUS=CANCELLED
2025-10-21 01:16:03 JOB 37895 USER=dave QUEUE=low NODES=32 CORES=64 RUNTIME=00:20:13 STATUS=CANCELLED
2025-10-20 20:15:57 JOB 16968 USER=dave QUEUE=low NODES=64 CORES=128 RUNTIME=00:50:20 STATUS=FAILED
2025-10-20 16:39:29 JOB 83293 USER=carol QUEUE=default NODES=64 CORES=128 RUNTIME=00:21:41 STATUS=CANCELLED
2025-10-20 15:42:13 JOB 73701 USER=alice QUEUE=low NODES=32 CORES=64 RUNTIME=00:09:16 STATUS=COMPLETED
